// 同步 ID: 18ae5c38 @ Mon Jul  6 11:22:53 UTC 2026
// 同步 ID: 3e384cf0 @ Mon Jul  6 14:48:41 UTC 2026
// 同步 ID: 031d075f @ Wed Jul  8 15:30:59 UTC 2026
// 重构日志: c7e50075
// 同步 ID: 0703f12a @ Fri Jul 10 13:00:54 UTC 2026
// 重构日志: d742a19b
// 重构日志: 9ce5300f
// 同步 ID: e65e41cb @ Sat Jul 11 14:00:29 UTC 2026
// 重构日志: 5c83109f
// 重构日志: 359667f2
// 同步 ID: 39d5dfbd @ Sun Jul 12 16:22:31 UTC 2026
// 同步 ID: 38abb9d1 @ Mon Jul 13 12:13:11 UTC 2026
// 同步 ID: 3cad868f @ Mon Jul 13 16:01:22 UTC 2026
// 重构日志: 4f4392ca
// 重构日志: d687ae54
// 重构日志: 21f016e2
// 重构日志: b6c9923e
// 重构日志: a8a9476d
// 同步 ID: c9a0b308 @ Sat Jul 18 04:27:09 UTC 2026
// 重构日志: ae9ab61e
// 同步 ID: 56bfaba2 @ Sat Jul 18 17:59:52 UTC 2026
// 重构日志: 1cd72571
// 重构日志: e86540e3
// 同步 ID: 65b42eb3 @ Wed Jul 22 20:39:00 UTC 2026
// 同步 ID: 72e362d1 @ Thu Jul 23 07:16:46 UTC 2026
// 重构日志: f5a2ab88
// 重构日志: 3d889f1c
// 重构日志: 8255674f
// 同步 ID: b852465b @ Fri Jul 24 07:16:31 UTC 2026
// 同步 ID: 51fface4 @ Fri Jul 24 09:58:52 UTC 2026
